45.645 40.099 4.1 8.3 0.6 0.6 0.004
44.679 39.84 5.7 6.4 0.6 0.6 0
43.782 41.121 1.7 6.5 0.3 0.3 0
43.782 41.121 2.1 5.4 0.6 0.6 0.111
44.287 40.381 2 7 0.4 0.4 -0.012
44.287 40.381 2.3 6.7 0.6 0.6 -0.017
44.276 40.736 1.6 7.3 0.4 0.4 -0.006
44.276 40.736 1.5 6.2 0.7 0.7 -0.011
45.094 40.92 3.1 6.3 0.6 0.6 -0.006
45.209 40.198 2.9 8.6 0.4 0.4 0.002
45.209 40.198 3.4 8.4 0.6 0.6 0.005
44.81 40.16 2.5 7.8 0.4 0.4 -0.007
44.81 45.159 1.9 8 0.6 0.6 -0.008
44.657 40.101 2 7.4 0.6 0.6 -0.003
44.575 39.881 2.7 6.8 1.4 1.3 0.044
44.19 41.185 1.8 4.9 0.4 0.4 -0.006
44.19 41.185 1.9 4.7 0.6 0.6 -0.015
44.091 40.178 2.4 6.7 0.4 0.4 -0.011
44.091 40.178 2.9 5.9 0.6 0.6 -0.016
44.503 40.226 2.2 7.2 0.1 0.1 -0.013
44.593 41.055 2.8 6.2 0.6 0.6 -0.004
44.55 40.84 2.4 6.1 0.6 0.6 -0.006
44.718 40.52 2.2 6.9 0.7 0.7 -0.006
43.951 40.108 2.3 7.2 0.4 0.3 0
43.951 40.108 2.9 6.2 0.6 0.6 0
43.807 40.097 2.6 6.5 0.4 0.4 -0.002
43.807 40.097 2.8 5.4 0.6 0.6 -0.001
44.528 40.753 2.7 5.9 0.6 0.6 -0.003
45.686 40.117 3.5 9 0.6 0.7 -0.007
45.055 40.307 2.4 8.2 0.6 0.6 -0.004
45.908 40.204 4.8 8.7 0.6 0.6 -0.002
45.367 40.114 4 8.4 0.6 0.6 0.004
58.56 56.43 -0.25 0.13 0.11 0.13 -0.017
17.073 52.277 -0.03 0.11 0.14 0.09 -0.011
4.359 50.798 -0.1 -0.84 0.17 0.14 -0.004
6.921 43.755 0.17 0.16 0.11 0.1 -0.01
15.493 47.067 0.79 0.67 0.16 0.21 -0.005
104.316 52.219 -0.32 -0.79 0.19 0.19 0
21.032 52.097 0.02 0.28 0.12 0.09 -0.017
5.81 52.178 0.04 0.68 0.13 0.11 -0.006
92.794 55.993 -0.97 -1.31 0.22 0.22 0.001
355.75 40.429 -0.48 -0.25 0.18 0.16 -0.001
24.395 60.217 0.2 -0.84 0.1 0.09 -0.018
11.865 78.93 -0.24 -0.94 0.11 0.1 -0.004
11.926 57.395 -0.81 -0.54 0.09 0.1 -0.011
13.066 52.379 -0.33 0.06 0.26 0.26 -0.003
128.866 71.634 0.14 0.09 0.15 0.19 0.008
1.481 43.561 -0.48 0.8 0.5 0.5 -0.001
18.938 69.663 -0.69 0.95 0.11 0.1 -0.011
356.048 40.444 -0.13 0.13 0.13 0.09 -0.005
12.879 49.144 -0.02 0.18 0.1 0.09 -0.014
129.68 62.031 -0.14 -0.84 0.42 0.33 0.002
41.565 43.788 -0.44 0.76 0.16 0.1 -0.013
7.465 46.877 0.55 0.44 0.11 0.09 -0.011
36.759 55.699 0.35 0.33 0.13 0.14 -0.011
