deg. mm/yr mm/yr mm/yr mm/yr mm/yr mm/yr
0.336 50.867 -0.37 0.47 0.38 0.38 -0.002
1.481 43.561 -0.36 0.40 0.68 0.68 0.000
1.481 43.561 -0.36 0.40 0.68 0.68 0.000
4.359 50.798 -0.27 -0.33 0.45 0.44 0.000
5.810 52.178 -0.30 -0.06 0.37 0.36 -0.001
6.605 52.915 0.14 0.51 0.52 0.52 0.000
6.921 43.755 0.71 0.20 0.47 0.46 0.000
7.465 46.877 0.47 0.46 0.45 0.45 0.000
9.672 0.354 -1.24 3.55 0.67 0.66 0.001
11.113 44.122 0.13 0.65 1.03 1.03 0.001
11.280 48.086 0.39 0.50 0.72 0.72 0.000
11.647 44.520 3.01 1.36 0.49 0.49 0.000
11.865 78.930 -0.29 -0.40 0.32 0.32 0.000
11.911 45.385 0.22 1.62 0.78 0.78 0.000
11.926 57.395 -1.36 0.11 0.38 0.37 0.019
12.291 45.230 -0.95 1.47 0.78 0.78 -0.001
12.332 45.437 -3.87 4.24 1.15 1.16 0.000
12.583 45.479 0.17 2.21 0.79 0.79 -0.002
12.879 49.144 0.33 0.47 0.46 0.47 0.000
13.066 52.379 0.12 -0.01 0.46 0.46 -0.001
13.350 42.368 0.84 2.73 0.61 0.61 0.000
13.552 -1.632 -1.86 4.87 0.76 0.76 0.001
14.786 49.914 0.67 0.05 0.44 0.44 0.001
14.990 36.876 -2.18 4.03 0.61 0.59 -0.003
14.990 36.876 -2.18 4.03 0.61 0.59 -0.003
15.493 47.067 0.78 0.50 0.40 0.39 0.000
16.310 39.201 1.93 3.12 0.81 0.80 0.001
16.704 40.649 1.43 4.50 0.39 0.39 0.001
17.073 52.277 0.12 0.20 0.45 0.45 0.000
18.414 43.868 3.24 0.10 0.67 0.67 -0.001
18.440 -34.188 -0.11 3.18 0.95 0.95 0.002
18.938 69.663 -0.62 0.82 0.31 0.31 0.006
19.282 47.790 2.73 -0.35 0.65 0.63 0.000
20.665 39.734 -1.25 -2.47 0.74 0.65 0.058
20.670 53.892 -0.88 0.30 0.43 0.43 -0.001
20.794 41.127 0.44 -2.78 0.68 0.67 0.000
20.810 -32.380 1.71 4.59 0.53 0.52 0.001
20.811 -32.381 1.71 4.59 0.53 0.52 0.001
20.968 67.857 -1.00 -0.01 0.46 0.46 -0.001
21.032 52.097 0.12 0.38 0.45 0.45 0.000
21.878 36.791 -18.73 -25.11 0.43 0.41 0.053
21.928 38.427 -11.94 -11.44 0.80 0.80 -0.001
22.046 38.209 -14.45 -24.60 0.89 0.89 -0.002
22.073 38.365 -14.61 -14.14 0.89 0.89 -0.002
22.184 38.322 -13.93 -14.81 0.80 0.80 0.000
22.201 38.529 -11.40 -13.47 0.83 0.83 -0.001
22.544 39.937 2.39 -6.77 0.46 0.45 0.011
22.823 37.184 -17.48 -27.47 0.44 0.40 0.050
22.945 38.888 -8.42 -15.27 0.44 0.42 0.032
22.984 36.307 -15.41 -25.84 0.75 0.63 0.135
23.125 41.459 0.92 -1.54 1.32 1.27 -0.008
23.138 43.110 -1.86 -1.12 1.32 1.23 0.001
23.395 42.556 1.05 -2.21 0.53 0.53 0.000
23.425 42.477 -2.91 -1.17 1.23 1.13 0.010
23.428 40.789 -0.09 -5.36 0.79 0.67 0.103
23.569 41.823 -0.56 -2.75 1.34 1.30 -0.012
23.916 41.597 -0.07 -3.67 1.25 1.21 -0.003
23.919 39.994 1.06 -10.04 0.72 0.65 0.078
23.932 35.325 -15.56 -24.20 0.75 0.62 0.128
23.932 38.079 -15.98 -25.83 0.39 0.37 0.040
23.933 38.079 -15.98 -25.83 0.39 0.37 0.040
24.392 38.086 -15.23 -25.88 0.65 0.60 0.058
24.395 60.217 0.54 -0.41 0.42 0.42 0.001
24.410 37.363 -17.29 -25.79 0.68 0.60 0.090
24.521 36.747 -16.36 -24.64 0.66 0.59 0.082
24.543 38.887 -12.15 -23.82 0.73 0.65 0.061
24.627 40.593 -0.86 -2.87 0.80 0.70 0.073
24.634 43.362 0.75 0.55 1.42 1.27 -0.004
24.694 35.404 -16.07 -26.93 0.64 0.59 0.072
24.753 42.146 -0.83 -2.31 1.29 1.26 -0.013
25.126 39.851 -14.81 -12.59 0.71 0.64 0.071
25.277 42.963 1.15 0.62 1.29 1.19 0.000
25.379 37.449 -16.21 -26.40 0.84 0.79 0.018
25.402 41.545 1.26 -2.10 1.27 1.22 -0.009
25.439 36.346 -16.77 -30.61 0.42 0.40 0.048
25.513 40.466 -2.42 -3.70 0.81 0.79 0.022
25.566 40.928 0.64 -2.05 0.77 0.74 0.013
26.082 39.501 -20.82 -9.08 0.96 0.97 -0.017
26.085 38.443 -19.07 -22.96 0.72 0.65 0.066
26.126 44.464 0.72 -1.36 0.59 0.59 0.000
26.157 39.731 -20.86 -9.16 0.93 0.95 -0.018
26.174 39.973 -16.38 -9.61 0.67 0.61 -0.012
26.189 39.614 -19.94 -9.85 0.93 0.95 -0.025
26.206 35.129 -15.40 -28.08 0.43 0.41 0.042
26.216 39.726 -21.11 -9.61 0.95 0.96 0.001
26.268 43.599 -0.34 -0.47 1.33 1.25 -0.005
26.309 42.075 0.03 0.02 1.24 1.19 -0.005
26.317 39.785 -20.05 -9.19 0.95 0.99 0.001
26.385 38.311 -17.64 -22.39 0.69 0.67 -0.002
26.406 36.586 -14.23 -30.03 0.68 0.60 0.096
26.451 39.234 -19.47 -12.68 0.74 0.65 0.048
26.535 39.580 -20.45 -6.51 0.94 0.96 0.004
26.700 39.311 -18.80 -11.72 0.76 0.70 0.003
26.706 40.739 -4.84 -3.34 0.71 0.71 0.021
26.707 39.326 -21.06 -9.80 0.73 0.71 -0.009
26.725 43.488 -0.68 -0.37 1.34 1.27 -0.001
26.732 39.653 -22.65 -7.26 0.94 0.93 0.023
26.871 40.601 -13.42 -4.14 0.91 0.94 0.055
26.880 40.396 -19.20 -6.57 0.90 0.92 0.035
26.885 39.010 -21.06 -13.52 1.78 1.75 -0.019
26.910 40.029 -19.70 -8.64 0.93 0.93 0.040
26.929 36.752 -15.88 -26.53 0.72 0.62 0.079
26.989 37.780 -18.97 -23.89 0.70 0.61 0.074
27.085 38.019 -20.01 -19.68 0.69 0.61 -0.070
27.112 39.244 -19.64 -12.11 1.67 1.72 -0.004
27.214 40.171 -19.97 -9.04 0.92 0.93 0.050
27.217 39.897 -19.62 -8.40 0.61 0.60 0.017
27.224 35.493 -12.00 -30.43 0.43 0.41 0.033
27.231 31.346 -2.53 4.44 0.88 0.77 0.003
27.269 39.577 -20.77 -6.40 0.95 0.94 0.043
27.301 40.381 -18.24 -5.55 0.89 0.89 0.049
27.308 38.711 -17.44 -14.74 0.77 0.72 0.004
27.316 39.024 -20.63 -13.31 0.76 0.71 0.013
27.393 40.811 -3.53 -4.76 0.71 0.68 -0.010
27.394 36.681 -11.85 -29.90 0.64 0.60 -0.031
27.423 37.032 -15.96 -26.08 0.67 0.58 -0.048
27.424 39.785 -22.95 -8.51 0.73 0.72 0.022
27.442 42.666 0.93 -0.45 1.26 1.22 -0.010
27.483 42.484 -1.71 -0.88 1.35 1.30 -0.003
27.486 37.818 -19.66 -18.98 0.91 0.87 -0.018
27.586 40.588 -15.04 -5.80 1.14 1.06 0.008
27.590 39.295 -16.75 -12.25 1.64 1.66 -0.011
27.629 40.245 -20.01 -5.48 0.92 0.93 0.054
27.687 -25.890 1.86 4.43 0.33 0.32 -0.009
27.707 -25.887 1.86 4.43 0.33 0.32 -0.009
27.708 -25.887 1.86 4.43 0.33 0.32 -0.009
27.763 40.059 -22.89 -2.94 0.94 0.94 0.045
27.779 41.827 0.91 -0.09 0.73 0.69 -0.018
27.781 35.952 -8.21 -28.82 0.44 0.42 0.037
27.816 40.400 -20.96 -3.23 0.69 0.68 0.014
27.836 37.196 -17.58 -24.98 0.63 0.58 -0.055
27.873 39.006 -21.02 -10.31 0.68 0.66 0.014
27.906 39.722 -21.20 -4.53 0.71 0.63 0.003
27.960 40.971 2.72 -0.59 0.65 0.62 -0.001
27.963 36.772 -14.23 -25.98 0.59 0.53 -0.036
28.000 38.248 -20.62 -12.62 0.93 0.87 -0.009
28.081 37.609 -20.77 -20.94 0.63 0.54 -0.051
28.293 41.475 1.27 -0.67 1.16 1.05 -0.007
28.311 -15.426 -0.02 5.24 0.90 0.90 0.002
28.365 41.052 -1.60 0.79 1.15 1.06 -0.005
28.373 40.398 -19.18 -1.24 1.23 1.06 -0.013
28.427 37.175 -18.12 -20.77 0.74 0.69 -0.047
28.483 38.315 -22.61 -13.18 0.96 0.89 0.004
28.671 39.046 -21.14 -6.39 0.71 0.67 -0.004
28.779 40.167 -20.40 -2.55 0.93 0.93 0.056
28.826 36.762 -15.74 -20.01 0.98 0.79 -0.013
28.882 40.481 -18.20 4.92 1.99 1.68 -0.014
28.923 39.930 -23.43 -0.54 0.96 0.95 0.057
29.020 41.104 -2.02 0.06 0.68 0.68 -0.012
29.048 37.566 -21.27 -15.37 1.02 0.97 -0.052
29.064 41.064 -2.42 0.94 0.61 0.58 0.000
29.102 40.136 -23.43 -3.04 0.71 0.70 -0.001
29.106 40.270 -20.83 0.44 0.92 0.92 0.043
29.111 40.165 -21.26 -0.75 0.93 0.93 0.056
29.136 37.941 -21.80 -7.82 0.67 0.63 -0.008
29.141 40.122 -19.44 -2.33 0.79 0.76 -0.006
29.143 40.639 -15.62 1.09 0.71 0.69 0.003
29.146 40.460 -20.09 1.83 0.92 0.92 0.043
29.261 40.200 -21.11 -1.34 0.93 0.93 0.051
29.288 40.485 -15.40 1.47 1.81 1.55 0.006
29.392 37.448 -21.04 -11.21 0.99 0.89 -0.060
29.423 40.821 -8.85 0.83 0.68 0.68 0.031
29.439 36.720 -15.12 -11.57 0.68 0.62 -0.047
29.451 40.787 -7.50 -3.98 1.40 1.37 0.003
29.514 40.164 -21.41 -0.19 0.97 0.95 0.053
29.535 37.185 -19.25 -13.31 0.83 0.81 -0.022
29.585 40.667 -13.09 1.95 0.94 0.93 0.045
29.623 41.179 -0.85 -0.58 1.25 1.11 -0.022
29.635 40.803 -6.06 1.23 0.94 0.92 0.041
29.648 36.194 -10.02 -8.76 0.71 0.54 -0.057
29.681 40.362 -19.88 0.62 0.65 0.57 0.009
29.810 36.971 -20.18 -8.55 0.82 0.81 -0.021
29.889 40.066 -20.72 -6.54 1.95 1.80 -0.016
29.908 40.438 -17.69 -1.75 0.59 0.59 0.003
29.929 40.425 -17.69 -1.74 0.59 0.59 0.003
30.026 40.465 -16.76 -1.68 0.66 0.61 -0.008
30.130 40.745 -8.47 -0.65 0.89 0.92 0.003
30.134 40.690 -12.94 0.02 0.79 0.81 0.010
30.297 37.689 -19.20 -8.63 0.56 0.51 -0.030
30.497 50.364 -0.40 0.01 0.55 0.55 0.000
30.609 36.829 -12.19 -8.16 0.63 0.58 -0.038
30.637 39.658 -24.01 -1.74 0.97 0.90 0.015
30.638 40.614 -13.58 -1.21 0.57 0.58 0.012
30.644 38.769 -21.23 -2.55 0.84 0.74 0.018
30.655 40.628 -13.53 -1.27 0.57 0.58 0.012
30.679 40.552 -17.01 -0.63 0.67 0.70 0.026
30.680 40.538 -17.01 -0.63 0.67 0.70 0.026
30.738 -0.601 1.78 3.92 0.77 0.77 0.001
30.745 40.652 -11.17 1.11 0.99 1.01 0.079
30.761 40.589 -13.06 -1.14 0.78 0.79 0.000
30.804 40.386 -19.55 -1.84 0.63 0.63 0.040
30.827 40.735 -7.95 -0.52 0.73 0.74 0.014
30.862 40.555 -17.20 -0.15 0.96 0.97 0.041
30.888 29.514 -2.61 5.46 0.82 0.78 -0.001
31.121 37.762 -16.55 -4.95 0.92 0.74 -0.103
31.344 29.862 -2.24 5.54 0.54 0.51 -0.009
31.344 29.862 -2.24 5.54 0.54 0.51 -0.009
31.438 40.937 -3.39 0.13 0.55 0.53 0.004
31.439 40.937 -3.39 0.13 0.55 0.53 0.004
31.814 39.564 -20.43 -2.31 0.79 0.68 0.018
32.078 -28.796 1.87 4.41 0.71 0.71 0.001
32.160 36.431 -11.13 -0.38 0.63 0.59 -0.061
32.226 41.520 0.49 -0.96 0.87 0.86 -0.012
32.566 29.379 -1.50 6.95 0.59 0.58 0.006
32.570 40.881 -6.47 0.27 0.75 0.69 -0.006
32.759 39.886 -21.39 -1.49 0.55 0.54 -0.006
32.759 39.886 -21.39 -1.49 0.55 0.54 -0.006
33.102 29.141 -1.09 6.75 0.69 0.65 0.006
33.191 37.378 -13.63 2.53 0.60 0.59 0.005
33.228 28.163 -2.01 7.14 0.66 0.65 0.005
33.391 27.919 -1.92 7.22 0.65 0.64 0.002
33.396 35.141 -6.24 3.11 0.53 0.53 0.000
33.404 28.631 -2.93 4.98 0.65 0.64 0.004
33.494 27.686 -1.69 5.07 0.65 0.64 0.000
33.596 28.269 -3.18 6.29 0.58 0.57 0.004
33.832 27.244 -3.36 5.82 0.82 0.77 -0.003
33.883 27.961 -4.61 8.74 1.01 1.01 -0.008
33.991 44.413 0.02 1.06 0.66 0.66 0.001
33.995 28.639 -0.87 6.38 1.03 1.04 -0.011
34.184 27.846 -3.40 7.25 0.58 0.57 0.001
34.256 36.566 -11.59 4.94 0.69 0.69 0.000
34.314 28.178 -2.17 8.06 0.87 0.80 -0.003
34.470 28.529 -3.05 7.42 0.63 0.63 0.001
34.552 36.900 -12.20 4.37 1.08 0.96 0.029
34.763 30.598 0.47 8.64 0.55 0.55 0.000
34.781 32.068 -1.73 7.46 0.51 0.51 -0.001
34.803 39.106 -19.36 3.89 1.50 1.49 -0.025
34.813 39.801 -18.84 5.38 0.66 0.64 0.005
34.866 31.378 -2.97 7.70 0.74 0.74 0.000
34.875 40.453 -17.60 4.78 0.94 0.91 -0.016
34.921 29.509 -0.45 8.86 0.53 0.53 0.000
35.023 32.779 -3.53 8.57 0.49 0.49 0.000
35.089 31.723 -1.61 7.28 1.18 1.12 -0.012
35.145 33.023 -3.78 8.18 0.57 0.57 0.000
35.202 31.771 -2.86 8.59 0.95 0.93 0.005
35.205 42.020 -0.56 1.72 0.87 0.77 0.007
35.392 31.593 -2.32 8.90 0.64 0.63 0.001
35.416 32.479 -3.58 9.66 0.57 0.57 0.000
35.674 34.115 -6.87 8.39 0.95 0.95 0.000
35.688 32.995 -1.68 11.97 0.52 0.52 -0.002
35.771 33.182 -2.68 11.26 0.66 0.66 0.000
35.870 36.397 -5.41 9.51 1.70 1.62 -0.001
35.940 36.456 -9.60 9.71 1.04 1.00 0.003
36.100 29.139 1.57 12.55 0.87 0.85 0.001
36.131 36.050 -5.12 10.20 0.65 0.63 -0.015
36.137 36.899 -11.11 9.59 0.50 0.50 -0.012
36.180 36.540 -9.89 12.17 1.73 1.75 -0.033
36.245 38.231 -13.82 8.39 1.59 1.44 -0.016
36.285 33.510 -2.27 11.90 0.95 0.95 -0.001
36.330 37.572 -14.11 8.91 1.66 1.60 -0.031
36.336 41.299 0.29 2.77 0.98 0.99 0.049
36.378 26.458 3.24 14.09 1.77 1.77 -0.002
36.465 36.531 -7.41 11.86 0.90 0.82 0.007
36.524 36.788 -7.80 10.13 0.67 0.67 -0.004
36.570 55.115 1.51 -0.04 1.20 1.18 -0.005
36.643 37.088 -7.45 10.98 0.76 0.72 -0.016
36.758 55.699 0.59 -1.10 0.45 0.45 -0.005
36.759 55.699 0.59 -1.10 0.45 0.45 -0.005
36.972 37.190 -8.18 11.63 0.49 0.50 -0.009
36.996 37.522 -9.38 10.60 0.55 0.57 -0.020
37.106 36.685 -7.95 10.53 1.77 1.74 -0.060
37.113 37.747 -11.97 8.31 0.69 0.68 -0.011
37.220 38.179 -13.24 9.37 0.66 0.67 -0.017
37.224 56.027 0.32 0.80 0.58 0.57 0.001
37.436 37.518 -7.40 11.49 0.68 0.70 -0.014
37.574 36.901 -6.73 13.70 0.56 0.53 -0.012
37.869 38.050 -13.34 9.73 0.68 0.67 -0.014
37.886 37.541 -7.10 12.58 0.74 0.73 -0.011
37.902 37.237 -6.82 13.61 0.68 0.68 -0.021
37.958 39.454 -17.03 10.01 0.44 0.43 0.001
38.049 44.552 -0.16 -1.02 1.50 1.32 -0.024
38.215 38.456 -11.48 10.92 0.74 0.72 -0.012
38.215 38.456 -11.48 10.92 0.74 0.72 -0.012
38.231 37.747 -7.57 14.06 0.83 0.80 -0.002
38.584 9.081 1.04 6.68 0.99 0.78 -0.010
38.766 9.035 1.03 6.53 0.51 0.44 -0.003
39.164 39.613 -18.72 9.73 0.93 0.87 -0.026
39.242 44.704 -0.22 0.05 1.27 1.13 0.018
39.254 38.640 -13.64 10.88 1.24 1.20 -0.046
39.282 8.472 3.29 6.34 0.63 0.54 0.012
39.438 8.292 4.10 6.03 0.70 0.55 0.030
39.520 8.258 4.38 5.54 0.57 0.51 -0.005
39.524 39.071 -16.97 11.96 1.45 1.30 -0.004
39.531 8.266 4.38 5.54 0.57 0.51 -0.005
39.631 21.369 7.59 15.54 1.79 1.78 -0.001
39.702 40.974 0.68 2.55 0.47 0.45 0.009
39.776 40.995 0.66 2.54 0.47 0.45 0.009
39.805 37.847 -8.91 15.11 0.75 0.74 -0.006
40.052 38.963 -13.53 9.87 1.58 1.36 -0.012
40.194 -2.996 2.85 5.23 0.52 0.50 0.000
40.254 39.731 -2.81 5.81 0.75 0.68 -0.015
40.272 43.681 1.83 -1.09 1.68 1.41 0.006
40.650 37.246 -6.44 16.64 0.80 0.75 -0.023
40.651 37.247 -6.44 16.64 0.80 0.75 -0.023
40.809 40.437 0.72 3.31 0.56 0.51 -0.015
41.057 38.959 -6.75 11.47 1.43 1.20 -0.024
41.300 39.973 -0.66 5.88 0.66 0.64 0.008
41.339 41.371 -0.54 2.83 0.90 0.89 -0.017
41.454 39.186 -5.88 10.74 2.01 1.29 -0.046
41.512 39.643 -2.09 4.39 1.78 1.22 -0.072
41.565 43.788 0.78 1.23 0.44 0.43 0.004
41.565 43.788 0.78 1.23 0.44 0.43 0.004
41.794 38.754 -4.69 14.76 0.84 0.69 0.107
41.990 40.548 1.95 5.07 0.93 0.90 0.020
42.045 19.211 9.52 17.39 0.90 0.87 0.005
42.062 42.721 -0.42 3.35 0.49 0.49 -0.005
42.133 41.648 -0.54 5.19 0.66 0.66 -0.009
42.149 39.714 -1.42 8.81 1.40 1.24 -0.022
42.195 43.349 -0.31 -0.09 0.85 0.83 -0.006
42.457 37.528 -6.45 15.11 2.72 1.24 0.042
42.471 42.022 2.18 4.19 0.75 0.69 -0.031
42.547 38.488 -5.62 14.01 1.52 1.20 -0.045
42.667 43.743 0.50 2.16 0.81 0.82 -0.010
42.755 41.126 1.38 4.64 1.35 1.06 -0.012
42.787 44.011 0.01 1.32 0.85 0.85 -0.007
42.873 45.267 2.12 -1.05 0.97 0.93 0.010
42.910 39.232 -2.03 9.45 0.61 0.52 -0.032
42.954 14.769 10.75 17.46 1.03 0.91 0.012
43.026 39.719 0.84 8.66 0.68 0.65 -0.036
43.135 42.468 1.02 3.98 0.86 0.71 -0.008
43.170 40.685 1.54 5.92 0.59 0.50 -0.015
43.341 38.549 -5.05 13.13 0.86 0.84 0.014
43.382 42.578 0.31 -0.49 0.73 0.66 0.013
43.400 42.349 2.55 6.00 0.69 0.60 0.026
43.540 42.485 0.83 -0.09 0.75 0.71 0.022
43.753 42.978 1.24 0.57 0.87 0.87 -0.032
43.759 38.997 -5.00 11.49 2.09 1.42 -0.089
43.768 40.972 1.39 6.62 0.92 0.84 0.014
43.891 41.537 1.50 4.65 0.63 0.59 0.003
43.954 40.609 1.99 8.18 0.83 0.82 -0.017
44.114 40.178 2.43 7.87 0.83 0.82 -0.017
44.145 39.556 -0.70 7.11 2.12 1.29 -0.107
44.190 15.348 9.89 15.06 1.04 0.89 0.004
44.364 41.031 3.62 6.11 0.84 0.79 0.003
44.486 42.447 0.76 3.98 0.59 0.58 0.028
44.503 40.226 2.72 8.30 0.51 0.50 0.000
44.526 41.831 1.50 6.59 0.58 0.55 0.021
44.742 40.149 2.86 9.76 0.62 0.54 0.006
44.826 41.377 8.75 5.29 2.69 1.70 0.057
44.859 40.526 1.39 5.42 1.12 0.84 -0.007
45.040 12.812 11.57 18.35 1.08 0.92 0.010
45.139 40.907 3.84 7.63 0.63 0.60 0.006
45.341 40.124 2.97 9.56 2.10 1.45 0.054
45.661 39.837 5.02 10.48 0.86 0.81 -0.015
45.795 41.951 -0.25 5.48 0.72 0.68 -0.015
46.093 39.536 4.20 10.11 0.99 0.88 0.026
46.162 36.908 -1.24 14.13 0.79 0.76 0.001
46.162 39.126 1.24 14.58 2.11 1.39 0.024
46.367 39.511 4.72 11.50 0.83 0.81 -0.011
46.401 24.911 7.73 19.45 1.53 1.52 -0.002
46.459 39.315 4.24 12.64 2.09 1.35 0.069
46.511 41.652 1.09 5.28 0.63 0.63 0.002
46.758 40.184 4.18 11.30 0.97 0.85 0.006
46.760 39.753 3.69 11.36 0.93 0.80 0.002
46.842 43.026 1.84 3.82 0.55 0.55 -0.004
46.847 43.125 -0.80 4.00 0.55 0.55 0.000
47.250 41.132 1.18 5.74 0.64 0.64 0.002
47.863 40.975 0.70 4.19 0.66 0.64 -0.004
47.930 36.232 -1.80 13.01 1.25 1.12 0.011
48.148 40.333 4.40 10.11 0.99 0.85 0.009
48.388 38.952 5.30 13.03 0.93 0.85 0.002
48.409 30.246 -0.49 18.22 1.23 1.09 0.003
48.419 38.706 5.07 12.24 0.91 0.80 0.003
48.529 41.595 0.78 1.41 0.96 0.86 0.004
48.551 40.614 2.75 1.86 0.88 0.79 -0.003
48.717 39.497 6.42 12.69 0.66 0.64 0.000
48.773 15.947 11.62 19.84 1.18 1.11 -0.005
49.038 14.486 11.28 23.66 1.27 1.19 -0.011
49.120 41.066 1.04 2.14 0.88 0.79 0.003
49.426 40.025 4.08 2.03 0.68 0.65 0.005
50.608 26.209 4.33 21.93 0.47 0.47 -0.001
50.748 32.367 -0.26 13.41 1.21 1.08 -0.001
51.082 28.919 1.24 21.61 0.81 0.75 0.001
51.334 35.697 0.22 12.66 0.70 0.69 0.000
51.812 35.730 -0.37 9.87 0.71 0.68 -0.001
51.885 35.223 1.52 9.60 1.27 1.25 0.016
51.986 35.793 -0.15 9.63 1.33 1.30 0.018
52.043 35.492 0.49 9.13 1.25 1.22 0.015
52.059 35.701 -0.88 8.57 1.25 1.24 0.014
52.157 35.868 0.23 7.46 1.32 1.30 0.021
52.285 36.588 -1.93 6.21 1.13 1.10 0.007
52.305 36.206 -2.56 9.29 1.40 1.29 0.021
52.586 35.701 -1.46 9.00 1.23 1.20 0.013
53.564 35.662 -0.01 9.17 1.32 1.13 0.014
53.822 32.313 -1.19 13.64 0.78 0.74 0.001
54.004 26.883 2.91 22.54 1.63 1.17 0.012
54.199 36.860 -0.97 5.40 1.36 1.13 0.016
54.608 30.079 1.81 16.08 1.29 1.10 0.007
55.479 -4.674 5.08 3.67 0.62 0.61 0.000
55.572 -21.208 2.03 3.68 1.19 1.18 0.000
55.918 28.302 -0.10 17.93 1.37 1.04 -0.025
56.070 33.369 1.87 11.23 1.26 1.09 0.006
56.112 22.186 10.56 26.99 1.19 1.18 -0.002
56.233 26.208 3.88 24.83 1.54 1.15 0.014
57.119 30.277 1.25 16.31 2.28 1.36 0.034
57.308 37.814 2.28 2.58 1.38 1.11 0.020
57.767 25.636 2.76 14.14 1.20 1.06 0.000
58.464 35.293 0.74 6.28 0.81 0.75 -0.001
58.560 56.430 0.53 0.12 0.62 0.62 -0.001
58.569 23.564 6.60 26.64 1.24 1.07 0.001
59.480 36.335 -0.07 -1.48 1.76 1.53 0.008
60.694 25.300 -0.15 7.92 1.42 1.12 0.003
61.034 36.601 3.54 -0.01 1.29 1.11 0.010
61.517 31.049 1.20 0.15 1.20 1.06 0.004
66.885 39.135 0.20 1.59 0.44 0.43 -0.003
74.694 42.680 0.52 3.06 0.49 0.49 -0.001
77.017 43.179 1.00 2.45 0.54 0.53 0.001
83.235 54.841 0.02 -1.19 0.78 0.76 -0.005
88.360 69.362 -0.55 -1.12 0.70 0.70 -0.001
92.794 55.993 -0.63 -1.28 0.56 0.56 0.001
104.316 52.219 -1.14 -1.12 0.47 0.46 -0.005
128.866 71.634 0.26 -0.35 0.58 0.58 0.000
129.681 62.031 1.10 1.12 0.51 0.50 -0.001
342.535 14.685 -5.55 4.17 1.37 1.24 0.000
344.367 27.764 -3.75 1.16 0.43 0.43 0.002
350.581 38.693 -0.44 1.30 0.90 0.85 -0.004
350.898 30.053 -5.13 3.43 1.45 1.01 -0.021
351.381 33.162 -1.14 3.52 1.55 1.03 -0.028
351.601 43.364 6.36 4.81 1.36 1.13 -0.005
351.982 31.665 -4.66 1.91 2.36 1.51 0.002
353.109 32.834 -4.43 4.30 1.35 1.00 -0.003
353.145 33.998 -3.94 0.79 0.63 0.62 0.003
353.133 33.976 -3.94 0.79 0.63 0.62 0.003
353.384 31.934 -3.11 3.82 1.26 1.00 -0.018
353.794 36.464 -3.85 1.02 0.45 0.44 0.001
354.102 30.415 -5.29 2.63 1.45 0.99 -0.019
354.760 6.871 -1.45 1.66 0.66 0.65 0.001
354.892 33.540 -3.87 0.55 0.82 0.81 0.002
355.366 32.769 -2.90 3.59 1.35 1.00 -0.014
355.465 32.255 -3.96 1.97 1.50 1.02 0.002
355.813 31.549 -5.13 4.07 1.55 1.04 -0.009
356.048 40.444 -0.01 0.28 0.44 0.44 0.001
359.519 38.339 0.08 1.19 0.90 0.85 -0.008
